<?xml version="1.0" encoding="UTF-8"?>
<!-- Generated by org.testng.reporters.JUnitReportReporter -->
<testsuite hostname="DESKTOP-G7T7RQ4" failures="0" tests="4" name="com.demowebshop.testscripts.LoginTest" time="35.199" errors="0" timestamp="2024-02-21T11:07:10 IST" skipped="0">
  <testcase classname="com.demowebshop.testscripts.LoginTest" name="TC_Login_001" time="5.941"/>
  <system-out/>
  <testcase classname="com.demowebshop.testscripts.LoginTest" name="TC_Login_001" time="7.078"/>
  <system-out/>
  <testcase classname="com.demowebshop.testscripts.LoginTest" name="TC_Login_001" time="6.160"/>
  <system-out/>
  <testcase classname="com.demowebshop.testscripts.LoginTest" name="TC_Login_001" time="16.020"/>
  <system-out>
    <![CDATA[User not logged in]]>
  </system-out>
</testsuite> <!-- com.demowebshop.testscripts.LoginTest -->
