<?xml version="1.0" encoding="UTF-8"?>
<!-- Generated by org.testng.reporters.JUnitReportReporter -->
<testsuite hostname="DESKTOP-G7T7RQ4" failures="0" tests="4" name="com.demowebshop.testscripts.AddToCartTest" time="44.242" errors="0" timestamp="2024-02-22T09:25:54 IST" skipped="0">
  <testcase classname="com.demowebshop.testscripts.AddToCartTest" name="TC_ShoppingCart_001" time="16.779"/>
  <system-out>
    <![CDATA[User not logged in]]>
  </system-out>
  <testcase classname="com.demowebshop.testscripts.AddToCartTest" name="TC_ShoppingCart_001" time="9.922"/>
  <system-out/>
  <testcase classname="com.demowebshop.testscripts.AddToCartTest" name="TC_ShoppingCart_001" time="8.786"/>
  <system-out/>
  <testcase classname="com.demowebshop.testscripts.AddToCartTest" name="TC_ShoppingCart_001" time="8.755"/>
  <system-out/>
</testsuite> <!-- com.demowebshop.testscripts.AddToCartTest -->
