<?xml version="1.0" encoding="UTF-8"?>
<!-- Generated by org.testng.reporters.JUnitReportReporter -->
<testsuite hostname="DESKTOP-G7T7RQ4" failures="0" tests="4" name="com.demowebshop.testscripts.RegisterTest" time="56.540" errors="0" timestamp="2024-02-21T11:27:18 IST" skipped="0">
  <testcase classname="com.demowebshop.testscripts.RegisterTest" name="TC_Register_001" time="16.388"/>
  <system-out>
    <![CDATA[User not registered]]>
  </system-out>
  <testcase classname="com.demowebshop.testscripts.RegisterTest" name="TC_Register_001" time="16.496"/>
  <system-out>
    <![CDATA[User not registered]]>
  </system-out>
  <testcase classname="com.demowebshop.testscripts.RegisterTest" name="TC_Register_001" time="17.118"/>
  <system-out>
    <![CDATA[User not registered]]>
  </system-out>
  <testcase classname="com.demowebshop.testscripts.RegisterTest" name="TC_Register_001" time="6.538"/>
  <system-out/>
</testsuite> <!-- com.demowebshop.testscripts.RegisterTest -->
