<?xml version="1.0" encoding="UTF-8"?>
<!-- Generated by org.testng.reporters.JUnitReportReporter -->
<testsuite hostname="DESKTOP-G7T7RQ4" failures="0" tests="4" name="com.demowebshop.testscripts.AddToCart" time="33.709" errors="0" timestamp="2024-02-21T11:39:51 IST" skipped="0">
  <testcase classname="com.demowebshop.testscripts.AddToCart" name="TC_ShoppingCart_001" time="7.921"/>
  <system-out/>
  <testcase classname="com.demowebshop.testscripts.AddToCart" name="TC_ShoppingCart_001" time="8.003"/>
  <system-out/>
  <testcase classname="com.demowebshop.testscripts.AddToCart" name="TC_ShoppingCart_001" time="8.221"/>
  <system-out/>
  <testcase classname="com.demowebshop.testscripts.AddToCart" name="TC_ShoppingCart_001" time="9.564"/>
  <system-out/>
</testsuite> <!-- com.demowebshop.testscripts.AddToCart -->
